2024.06.08 20:27:31 INFO  Started: Metals version 1.3.1 in folders '/Users/sr/Projects/scala_training/Flight01' for client Visual Studio Code 1.90.0.
SLF4J(W): Class path contains multiple SLF4J providers.
SLF4J(W): Found provider [scribe.slf4j.ScribeServiceProvider@60e8796e]
SLF4J(W): Found provider [ch.qos.logback.classic.spi.LogbackServiceProvider@188073c0]
SLF4J(W): See https://www.slf4j.org/codes.html#multiple_bindings for an explanation.
SLF4J(I): Actual provider is of type [scribe.slf4j.ScribeServiceProvider@60e8796e]
2024.06.08 20:27:31 WARN  Flyway upgrade recommended: H2 2.2.224 is newer than this version of Flyway and support has not been tested. The latest supported version of H2 is 2.2.220.
2024.06.08 20:27:32 INFO  no build target found for /Users/sr/Projects/scala_training/Flight01/src/test/scala/koans/Flight01.scala. Using presentation compiler with project's scala-library version: 3.3.3
2024.06.08 20:27:59 INFO  no build target found for /Users/sr/Projects/scala_training/Flight01/sample.scala. Using presentation compiler with project's scala-library version: 3.3.3
2024.06.08 20:27:59 WARN  Could not find semantic tokens for: file:///Users/sr/Projects/scala_training/Flight01/sample.scala
2024.06.08 20:28:00 INFO  no build target found for /Users/sr/Projects/scala_training/Flight01/sample.scala. Using presentation compiler with project's scala-library version: 3.3.3
2024.06.08 20:28:00 WARN  Could not find semantic tokens for: file:///Users/sr/Projects/scala_training/Flight01/sample.scala
2024.06.08 20:28:00 INFO  no build target found for /Users/sr/Projects/scala_training/Flight01/sample.scala. Using presentation compiler with project's scala-library version: 3.3.3
2024.06.08 20:28:01 INFO  no build target found for /Users/sr/Projects/scala_training/Flight01/sample.scala. Using presentation compiler with project's scala-library version: 3.3.3
2024.06.08 20:28:01 WARN  Could not find semantic tokens for: file:///Users/sr/Projects/scala_training/Flight01/sample.scala
2024.06.08 20:28:00 INFO  no build target found for /Users/sr/Projects/scala_training/Flight01/sample.scala. Using presentation compiler with project's scala-library version: 3.3.3
2024.06.08 20:28:01 INFO  no build target found for /Users/sr/Projects/scala_training/Flight01/sample.scala. Using presentation compiler with project's scala-library version: 3.3.3
2024.06.08 20:28:01 INFO  no build target found for /Users/sr/Projects/scala_training/Flight01/sample.scala. Using presentation compiler with project's scala-library version: 3.3.3
2024.06.08 20:28:02 INFO  no build target found for /Users/sr/Projects/scala_training/Flight01/sample.scala. Using presentation compiler with project's scala-library version: 3.3.3
2024.06.08 20:28:01 INFO  no build target found for /Users/sr/Projects/scala_training/Flight01/sample.scala. Using presentation compiler with project's scala-library version: 3.3.3
2024.06.08 20:28:03 INFO  no build target found for /Users/sr/Projects/scala_training/Flight01/sample.scala. Using presentation compiler with project's scala-library version: 3.3.3
2024.06.08 20:28:03 INFO  no build target found for /Users/sr/Projects/scala_training/Flight01/sample.scala. Using presentation compiler with project's scala-library version: 3.3.3
2024.06.08 20:28:04 INFO  no build target found for /Users/sr/Projects/scala_training/Flight01/sample.scala. Using presentation compiler with project's scala-library version: 3.3.3
2024.06.08 20:28:04 INFO  no build target found for /Users/sr/Projects/scala_training/Flight01/sample.scala. Using presentation compiler with project's scala-library version: 3.3.3
2024.06.08 20:28:04 INFO  no build target found for /Users/sr/Projects/scala_training/Flight01/sample.scala. Using presentation compiler with project's scala-library version: 3.3.3
2024.06.08 20:28:04 INFO  no build target found for /Users/sr/Projects/scala_training/Flight01/sample.scala. Using presentation compiler with project's scala-library version: 3.3.3
2024.06.08 20:28:04 INFO  no build target found for /Users/sr/Projects/scala_training/Flight01/sample.scala. Using presentation compiler with project's scala-library version: 3.3.3
2024.06.08 20:28:04 INFO  no build target found for /Users/sr/Projects/scala_training/Flight01/sample.scala. Using presentation compiler with project's scala-library version: 3.3.3
2024.06.08 20:28:05 INFO  no build target found for /Users/sr/Projects/scala_training/Flight01/sample.scala. Using presentation compiler with project's scala-library version: 3.3.3
2024.06.08 20:28:06 INFO  no build target found for /Users/sr/Projects/scala_training/Flight01/sample.scala. Using presentation compiler with project's scala-library version: 3.3.3
2024.06.08 20:28:09 INFO  no build target found for /Users/sr/Projects/scala_training/Flight01/sample.scala. Using presentation compiler with project's scala-library version: 3.3.3
2024.06.08 20:28:09 INFO  no build target found for /Users/sr/Projects/scala_training/Flight01/sample.scala. Using presentation compiler with project's scala-library version: 3.3.3
2024.06.08 20:28:09 INFO  no build target found for /Users/sr/Projects/scala_training/Flight01/sample.scala. Using presentation compiler with project's scala-library version: 3.3.3
2024.06.08 20:28:09 INFO  no build target found for /Users/sr/Projects/scala_training/Flight01/sample.scala. Using presentation compiler with project's scala-library version: 3.3.3
2024.06.08 20:28:10 INFO  no build target found for /Users/sr/Projects/scala_training/Flight01/sample.scala. Using presentation compiler with project's scala-library version: 3.3.3
2024.06.08 20:28:10 INFO  no build target found for /Users/sr/Projects/scala_training/Flight01/sample.scala. Using presentation compiler with project's scala-library version: 3.3.3
2024.06.08 20:28:11 INFO  no build target found for /Users/sr/Projects/scala_training/Flight01/sample.scala. Using presentation compiler with project's scala-library version: 3.3.3
2024.06.08 20:28:11 INFO  no build target found for /Users/sr/Projects/scala_training/Flight01/sample.scala. Using presentation compiler with project's scala-library version: 3.3.3
2024.06.08 20:28:12 INFO  no build target found for /Users/sr/Projects/scala_training/Flight01/sample.scala. Using presentation compiler with project's scala-library version: 3.3.3
2024.06.08 20:28:12 INFO  no build target found for /Users/sr/Projects/scala_training/Flight01/sample.scala. Using presentation compiler with project's scala-library version: 3.3.3
2024.06.08 20:28:13 INFO  no build target found for /Users/sr/Projects/scala_training/Flight01/sample.scala. Using presentation compiler with project's scala-library version: 3.3.3
2024.06.08 20:28:14 INFO  no build target found for /Users/sr/Projects/scala_training/Flight01/sample.scala. Using presentation compiler with project's scala-library version: 3.3.3
2024.06.08 20:28:14 INFO  no build target found for /Users/sr/Projects/scala_training/Flight01/sample.scala. Using presentation compiler with project's scala-library version: 3.3.3
2024.06.08 20:28:16 INFO  no build target found for /Users/sr/Projects/scala_training/Flight01/sample.scala. Using presentation compiler with project's scala-library version: 3.3.3
2024.06.08 20:28:16 INFO  no build target found for /Users/sr/Projects/scala_training/Flight01/sample.scala. Using presentation compiler with project's scala-library version: 3.3.3
2024.06.08 20:28:18 INFO  no build target found for /Users/sr/Projects/scala_training/Flight01/sample.scala. Using presentation compiler with project's scala-library version: 3.3.3
2024.06.08 20:28:19 INFO  no build target found for /Users/sr/Projects/scala_training/Flight01/sample.scala. Using presentation compiler with project's scala-library version: 3.3.3
2024.06.08 20:28:20 INFO  no build target found for /Users/sr/Projects/scala_training/Flight01/sample.scala. Using presentation compiler with project's scala-library version: 3.3.3
2024.06.08 20:28:20 INFO  no build target found for /Users/sr/Projects/scala_training/Flight01/sample.scala. Using presentation compiler with project's scala-library version: 3.3.3
2024.06.08 20:28:20 INFO  no build target found for /Users/sr/Projects/scala_training/Flight01/sample.scala. Using presentation compiler with project's scala-library version: 3.3.3
2024.06.08 20:28:21 INFO  no build target found for /Users/sr/Projects/scala_training/Flight01/sample.scala. Using presentation compiler with project's scala-library version: 3.3.3
2024.06.08 20:28:23 INFO  no build target found for /Users/sr/Projects/scala_training/Flight01/sample.scala. Using presentation compiler with project's scala-library version: 3.3.3
2024.06.08 20:28:23 INFO  no build target found for /Users/sr/Projects/scala_training/Flight01/sample.scala. Using presentation compiler with project's scala-library version: 3.3.3
2024.06.08 20:28:24 INFO  no build target found for /Users/sr/Projects/scala_training/Flight01/sample.scala. Using presentation compiler with project's scala-library version: 3.3.3
2024.06.08 20:28:26 INFO  no build target found for /Users/sr/Projects/scala_training/Flight01/sample.scala. Using presentation compiler with project's scala-library version: 3.3.3
2024.06.08 20:28:28 INFO  no build target found for /Users/sr/Projects/scala_training/Flight01/sample.scala. Using presentation compiler with project's scala-library version: 3.3.3
2024.06.08 20:28:28 INFO  no build target found for /Users/sr/Projects/scala_training/Flight01/sample.scala. Using presentation compiler with project's scala-library version: 3.3.3
2024.06.08 20:28:29 INFO  no build target found for /Users/sr/Projects/scala_training/Flight01/sample.scala. Using presentation compiler with project's scala-library version: 3.3.3
2024.06.08 20:28:31 INFO  no build target found for /Users/sr/Projects/scala_training/Flight01/sample.scala. Using presentation compiler with project's scala-library version: 3.3.3
2024.06.08 20:28:31 INFO  no build target found for /Users/sr/Projects/scala_training/Flight01/sample.scala. Using presentation compiler with project's scala-library version: 3.3.3
2024.06.08 20:28:32 INFO  no build target found for /Users/sr/Projects/scala_training/Flight01/sample.scala. Using presentation compiler with project's scala-library version: 3.3.3
2024.06.08 20:28:33 INFO  no build target found for /Users/sr/Projects/scala_training/Flight01/sample.scala. Using presentation compiler with project's scala-library version: 3.3.3
2024.06.08 20:28:34 INFO  no build target found for /Users/sr/Projects/scala_training/Flight01/sample.scala. Using presentation compiler with project's scala-library version: 3.3.3
2024.06.08 20:28:36 INFO  no build target found for /Users/sr/Projects/scala_training/Flight01/sample.scala. Using presentation compiler with project's scala-library version: 3.3.3
2024.06.08 20:28:37 INFO  no build target found for /Users/sr/Projects/scala_training/Flight01/sample.scala. Using presentation compiler with project's scala-library version: 3.3.3
2024.06.08 20:28:37 INFO  no build target found for /Users/sr/Projects/scala_training/Flight01/sample.scala. Using presentation compiler with project's scala-library version: 3.3.3
2024.06.08 20:28:38 INFO  no build target found for /Users/sr/Projects/scala_training/Flight01/sample.scala. Using presentation compiler with project's scala-library version: 3.3.3
2024.06.08 20:28:41 INFO  no build target found for /Users/sr/Projects/scala_training/Flight01/sample.scala. Using presentation compiler with project's scala-library version: 3.3.3
2024.06.08 20:28:41 INFO  no build target found for /Users/sr/Projects/scala_training/Flight01/sample.scala. Using presentation compiler with project's scala-library version: 3.3.3
2024.06.08 20:28:41 INFO  no build target found for /Users/sr/Projects/scala_training/Flight01/sample.scala. Using presentation compiler with project's scala-library version: 3.3.3
2024.06.08 20:28:42 INFO  no build target found for /Users/sr/Projects/scala_training/Flight01/sample.scala. Using presentation compiler with project's scala-library version: 3.3.3
2024.06.08 20:28:42 INFO  no build target found for /Users/sr/Projects/scala_training/Flight01/sample.scala. Using presentation compiler with project's scala-library version: 3.3.3
2024.06.08 20:28:42 INFO  no build target found for /Users/sr/Projects/scala_training/Flight01/sample.scala. Using presentation compiler with project's scala-library version: 3.3.3
2024.06.08 20:28:42 INFO  no build target found for /Users/sr/Projects/scala_training/Flight01/sample.scala. Using presentation compiler with project's scala-library version: 3.3.3
2024.06.08 20:28:43 INFO  no build target found for /Users/sr/Projects/scala_training/Flight01/sample.scala. Using presentation compiler with project's scala-library version: 3.3.3
2024.06.08 20:28:44 INFO  no build target found for /Users/sr/Projects/scala_training/Flight01/sample.scala. Using presentation compiler with project's scala-library version: 3.3.3
2024.06.08 20:28:46 INFO  no build target found for /Users/sr/Projects/scala_training/Flight01/sample.scala. Using presentation compiler with project's scala-library version: 3.3.3
2024.06.08 20:28:46 INFO  no build target found for /Users/sr/Projects/scala_training/Flight01/sample.scala. Using presentation compiler with project's scala-library version: 3.3.3
2024.06.08 20:28:46 INFO  no build target found for /Users/sr/Projects/scala_training/Flight01/sample.scala. Using presentation compiler with project's scala-library version: 3.3.3
2024.06.08 20:28:47 INFO  no build target found for /Users/sr/Projects/scala_training/Flight01/sample.scala. Using presentation compiler with project's scala-library version: 3.3.3
2024.06.08 20:28:47 INFO  no build target found for /Users/sr/Projects/scala_training/Flight01/sample.scala. Using presentation compiler with project's scala-library version: 3.3.3
2024.06.08 20:28:46 INFO  no build target found for /Users/sr/Projects/scala_training/Flight01/sample.scala. Using presentation compiler with project's scala-library version: 3.3.3
2024.06.08 20:28:47 INFO  no build target found for /Users/sr/Projects/scala_training/Flight01/sample.scala. Using presentation compiler with project's scala-library version: 3.3.3
2024.06.08 20:28:48 INFO  no build target found for /Users/sr/Projects/scala_training/Flight01/sample.scala. Using presentation compiler with project's scala-library version: 3.3.3
2024.06.08 20:28:50 INFO  no build target found for /Users/sr/Projects/scala_training/Flight01/sample.scala. Using presentation compiler with project's scala-library version: 3.3.3
2024.06.08 20:28:50 INFO  no build target found for /Users/sr/Projects/scala_training/Flight01/sample.scala. Using presentation compiler with project's scala-library version: 3.3.3
2024.06.08 20:28:50 INFO  no build target found for /Users/sr/Projects/scala_training/Flight01/sample.scala. Using presentation compiler with project's scala-library version: 3.3.3
2024.06.08 20:28:51 INFO  no build target found for /Users/sr/Projects/scala_training/Flight01/sample.scala. Using presentation compiler with project's scala-library version: 3.3.3
2024.06.08 20:28:52 INFO  no build target found for /Users/sr/Projects/scala_training/Flight01/sample.scala. Using presentation compiler with project's scala-library version: 3.3.3
2024.06.08 20:28:52 INFO  no build target found for /Users/sr/Projects/scala_training/Flight01/sample.scala. Using presentation compiler with project's scala-library version: 3.3.3
2024.06.08 20:28:53 INFO  no build target found for /Users/sr/Projects/scala_training/Flight01/sample.scala. Using presentation compiler with project's scala-library version: 3.3.3
2024.06.08 20:28:58 WARN  no build target for: /Users/sr/Projects/scala_training/Flight01/sample.scala
2024.06.08 20:28:58 INFO  no build target found for /Users/sr/Projects/scala_training/Flight01/sample.scala. Using presentation compiler with project's scala-library version: 3.3.3
2024.06.08 20:28:58 INFO  no build target found for /Users/sr/Projects/scala_training/Flight01/sample.scala. Using presentation compiler with project's scala-library version: 3.3.3
2024.06.08 20:29:53 INFO  no build target found for /Users/sr/Projects/scala_training/Flight01/sample.scala. Using presentation compiler with project's scala-library version: 3.3.3
2024.06.08 20:29:54 INFO  no build target found for /Users/sr/Projects/scala_training/Flight01/sample.scala. Using presentation compiler with project's scala-library version: 3.3.3
2024.06.08 20:29:54 INFO  no build target found for /Users/sr/Projects/scala_training/Flight01/sample.scala. Using presentation compiler with project's scala-library version: 3.3.3
2024.06.08 20:29:54 INFO  no build target found for /Users/sr/Projects/scala_training/Flight01/sample.scala. Using presentation compiler with project's scala-library version: 3.3.3
2024.06.08 20:29:54 INFO  no build target found for /Users/sr/Projects/scala_training/Flight01/sample.scala. Using presentation compiler with project's scala-library version: 3.3.3
2024.06.08 20:29:55 INFO  no build target found for /Users/sr/Projects/scala_training/Flight01/sample.scala. Using presentation compiler with project's scala-library version: 3.3.3
2024.06.08 20:29:54 INFO  no build target found for /Users/sr/Projects/scala_training/Flight01/sample.scala. Using presentation compiler with project's scala-library version: 3.3.3
2024.06.08 20:29:55 INFO  no build target found for /Users/sr/Projects/scala_training/Flight01/sample.scala. Using presentation compiler with project's scala-library version: 3.3.3
2024.06.08 20:29:55 INFO  no build target found for /Users/sr/Projects/scala_training/Flight01/sample.scala. Using presentation compiler with project's scala-library version: 3.3.3
2024.06.08 20:29:55 INFO  no build target found for /Users/sr/Projects/scala_training/Flight01/sample.scala. Using presentation compiler with project's scala-library version: 3.3.3
2024.06.08 20:29:56 INFO  no build target found for /Users/sr/Projects/scala_training/Flight01/sample.scala. Using presentation compiler with project's scala-library version: 3.3.3
2024.06.08 20:29:56 INFO  no build target found for /Users/sr/Projects/scala_training/Flight01/sample.scala. Using presentation compiler with project's scala-library version: 3.3.3
2024.06.08 20:29:56 INFO  no build target found for /Users/sr/Projects/scala_training/Flight01/sample.scala. Using presentation compiler with project's scala-library version: 3.3.3
2024.06.08 20:29:57 INFO  no build target found for /Users/sr/Projects/scala_training/Flight01/sample.scala. Using presentation compiler with project's scala-library version: 3.3.3
2024.06.08 20:29:56 INFO  no build target found for /Users/sr/Projects/scala_training/Flight01/sample.scala. Using presentation compiler with project's scala-library version: 3.3.3
2024.06.08 20:29:57 INFO  no build target found for /Users/sr/Projects/scala_training/Flight01/sample.scala. Using presentation compiler with project's scala-library version: 3.3.3
2024.06.08 20:29:57 INFO  no build target found for /Users/sr/Projects/scala_training/Flight01/sample.scala. Using presentation compiler with project's scala-library version: 3.3.3
2024.06.08 20:29:58 INFO  no build target found for /Users/sr/Projects/scala_training/Flight01/sample.scala. Using presentation compiler with project's scala-library version: 3.3.3
2024.06.08 20:29:59 INFO  no build target found for /Users/sr/Projects/scala_training/Flight01/sample.scala. Using presentation compiler with project's scala-library version: 3.3.3
2024.06.08 20:29:59 INFO  no build target found for /Users/sr/Projects/scala_training/Flight01/sample.scala. Using presentation compiler with project's scala-library version: 3.3.3
2024.06.08 20:29:59 INFO  no build target found for /Users/sr/Projects/scala_training/Flight01/sample.scala. Using presentation compiler with project's scala-library version: 3.3.3
2024.06.08 20:29:59 INFO  no build target found for /Users/sr/Projects/scala_training/Flight01/sample.scala. Using presentation compiler with project's scala-library version: 3.3.3
2024.06.08 20:30:00 INFO  no build target found for /Users/sr/Projects/scala_training/Flight01/sample.scala. Using presentation compiler with project's scala-library version: 3.3.3
2024.06.08 20:30:00 INFO  no build target found for /Users/sr/Projects/scala_training/Flight01/sample.scala. Using presentation compiler with project's scala-library version: 3.3.3
2024.06.08 20:30:00 INFO  no build target found for /Users/sr/Projects/scala_training/Flight01/sample.scala. Using presentation compiler with project's scala-library version: 3.3.3
2024.06.08 20:30:00 INFO  no build target found for /Users/sr/Projects/scala_training/Flight01/sample.scala. Using presentation compiler with project's scala-library version: 3.3.3
2024.06.08 20:30:00 INFO  no build target found for /Users/sr/Projects/scala_training/Flight01/sample.scala. Using presentation compiler with project's scala-library version: 3.3.3
2024.06.08 20:30:01 INFO  no build target found for /Users/sr/Projects/scala_training/Flight01/sample.scala. Using presentation compiler with project's scala-library version: 3.3.3
Jun 08, 2024 8:30:01 PM org.eclipse.lsp4j.jsonrpc.RemoteEndpoint handleCancellation
WARNING: Unmatched cancel notification for request id 480
2024.06.08 20:30:01 INFO  no build target found for /Users/sr/Projects/scala_training/Flight01/sample.scala. Using presentation compiler with project's scala-library version: 3.3.3
2024.06.08 20:30:01 INFO  no build target found for /Users/sr/Projects/scala_training/Flight01/sample.scala. Using presentation compiler with project's scala-library version: 3.3.3
2024.06.08 20:30:01 INFO  no build target found for /Users/sr/Projects/scala_training/Flight01/sample.scala. Using presentation compiler with project's scala-library version: 3.3.3
2024.06.08 20:30:01 INFO  no build target found for /Users/sr/Projects/scala_training/Flight01/sample.scala. Using presentation compiler with project's scala-library version: 3.3.3
2024.06.08 20:30:02 INFO  no build target found for /Users/sr/Projects/scala_training/Flight01/sample.scala. Using presentation compiler with project's scala-library version: 3.3.3
2024.06.08 20:30:03 INFO  no build target found for /Users/sr/Projects/scala_training/Flight01/sample.scala. Using presentation compiler with project's scala-library version: 3.3.3
2024.06.08 20:30:04 INFO  no build target found for /Users/sr/Projects/scala_training/Flight01/sample.scala. Using presentation compiler with project's scala-library version: 3.3.3
2024.06.08 20:30:14 WARN  no build target for: /Users/sr/Projects/scala_training/Flight01/sample.scala
2024.06.08 20:30:14 INFO  no build target found for /Users/sr/Projects/scala_training/Flight01/sample.scala. Using presentation compiler with project's scala-library version: 3.3.3
2024.06.08 20:30:14 INFO  no build target found for /Users/sr/Projects/scala_training/Flight01/sample.scala. Using presentation compiler with project's scala-library version: 3.3.3
Jun 08, 2024 8:30:14 PM org.eclipse.lsp4j.jsonrpc.RemoteEndpoint fallbackResponseError
SEVERE: Internal error: scala.meta.internal.metals.debug.BuildTargetNotFoundForPathException: No build target could be found for the path: /Users/sr/Projects/scala_training/Flight01/sample.scala
java.util.concurrent.CompletionException: scala.meta.internal.metals.debug.BuildTargetNotFoundForPathException: No build target could be found for the path: /Users/sr/Projects/scala_training/Flight01/sample.scala
	at java.base/java.util.concurrent.CompletableFuture.encodeThrowable(CompletableFuture.java:332)
	at java.base/java.util.concurrent.CompletableFuture.uniAcceptNow(CompletableFuture.java:747)
	at java.base/java.util.concurrent.CompletableFuture.uniAcceptStage(CompletableFuture.java:735)
	at java.base/java.util.concurrent.CompletableFuture.thenAcceptAsync(CompletableFuture.java:2186)
	at scala.concurrent.java8.FuturesConvertersImpl$CF.thenAccept(FutureConvertersImpl.scala:37)
	at org.eclipse.lsp4j.jsonrpc.RemoteEndpoint.handleRequest(RemoteEndpoint.java:279)
	at org.eclipse.lsp4j.jsonrpc.RemoteEndpoint.consume(RemoteEndpoint.java:190)
	at org.eclipse.lsp4j.jsonrpc.json.StreamMessageProducer.handleMessage(StreamMessageProducer.java:194)
	at org.eclipse.lsp4j.jsonrpc.json.StreamMessageProducer.listen(StreamMessageProducer.java:94)
	at org.eclipse.lsp4j.jsonrpc.json.ConcurrentMessageProcessor.run(ConcurrentMessageProcessor.java:113)
	at java.base/java.util.concurrent.Executors$RunnableAdapter.call(Executors.java:539)
	at java.base/java.util.concurrent.FutureTask.run(FutureTask.java:264)
	at java.base/java.util.concurrent.ThreadPoolExecutor.runWorker(ThreadPoolExecutor.java:1136)
	at java.base/java.util.concurrent.ThreadPoolExecutor$Worker.run(ThreadPoolExecutor.java:635)
	at java.base/java.lang.Thread.run(Thread.java:833)
Caused by: scala.meta.internal.metals.debug.BuildTargetNotFoundForPathException: No build target could be found for the path: /Users/sr/Projects/scala_training/Flight01/sample.scala
	at scala.meta.internal.metals.debug.DebugProvider.debugDiscovery(DebugProvider.scala:586)
	at scala.meta.internal.metals.debug.DebugProvider.runCommandDiscovery(DebugProvider.scala:520)
	at scala.meta.internal.metals.MetalsLspService.discoverMainClasses(MetalsLspService.scala:1835)
	at scala.meta.internal.metals.WorkspaceLspService.executeCommand(WorkspaceLspService.scala:765)
	at scala.meta.metals.lsp.DelegatingScalaService.executeCommand(DelegatingScalaService.scala:169)
	at java.base/jdk.internal.reflect.NativeMethodAccessorImpl.invoke0(Native Method)
	at java.base/jdk.internal.reflect.NativeMethodAccessorImpl.invoke(NativeMethodAccessorImpl.java:77)
	at java.base/jdk.internal.reflect.DelegatingMethodAccessorImpl.invoke(DelegatingMethodAccessorImpl.java:43)
	at java.base/java.lang.reflect.Method.invoke(Method.java:568)
	at org.eclipse.lsp4j.jsonrpc.services.GenericEndpoint.lambda$null$0(GenericEndpoint.java:65)
	at org.eclipse.lsp4j.jsonrpc.services.GenericEndpoint.request(GenericEndpoint.java:120)
	at org.eclipse.lsp4j.jsonrpc.RemoteEndpoint.handleRequest(RemoteEndpoint.java:261)
	... 9 more

2024.06.08 20:34:26 INFO  Shutting down server
2024.06.08 20:34:26 INFO  shutting down Metals
2024.06.08 20:34:26 INFO  Exiting server
